<?xml version="1.0" encoding="UTF-8"?>
<!-- Generated by org.testng.reporters.JUnitXMLReporter -->
<testsuite ignored="0" hostname="DESKTOP-GJMFF2T" failures="0" tests="2" name="HighPriorityTest" time="8.014" errors="0" timestamp="2022-08-07T12:41:14 IST">
  <testcase classname="com.Project.TestClasses.TC01VerifyLoginFunctionnality" name="verifyLogin" time="0.026"/>
  <testcase classname="com.Project.TestClasses.TC02VerifyLogoutFunctonaity$VerifyLogOutFunctionality" name="verifyLogout" time="0.446"/>
</testsuite> <!-- HighPriorityTest -->
